# JRE version: OpenJDK Runtime Environment (17.0.11) (build 17.0.11+0--11852314)
# Java VM: OpenJDK 64-Bit Server VM (17.0.11+0--11852314, mixed mode, tiered, compressed oops, compressed class ptrs, g1 gc, windows-amd64)
GC Precious Log:
 CPUs: 4 total, 4 available
 Memory: 8075M
 Large Page Support: Disabled
 NUMA Support: Disabled
 Compressed Oops: Enabled (32-bit)
 Heap Region Size: 1M
 Heap Min Capacity: 8M
 Heap Initial Capacity: 128M
 Heap Max Capacity: 2G
 Pre-touch: Disabled
 Parallel Workers: 4
 Concurrent Workers: 1
 Concurrent Refinement Workers: 4
 Periodic GC: Disabled
Heap:
 garbage-first heap   total 344064K, used 255129K [0x0000000080000000, 0x0000000100000000)
  region size 1024K, 128 young (131072K), 22 survivors (22528K)
 Metaspace       used 121636K, committed 122496K, reserved 1179648K
  class space    used 16403K, committed 16832K, reserved 1048576K
GC Heap History (20 events):
Event: 18.808 GC heap before
{Heap before GC invocations=40 (full 0):
 garbage-first heap   total 174080K, used 124928K [0x0000000080000000, 0x0000000100000000)
  region size 1024K, 19 young (19456K), 1 survivors (1024K)
 Metaspace       used 100744K, committed 101440K, reserved 1179648K
  class space    used 13716K, committed 14080K, reserved 1048576K
}
Event: 18.814 GC heap after
{Heap after GC invocations=41 (full 0):
 garbage-first heap   total 174080K, used 109551K [0x0000000080000000, 0x0000000100000000)
  region size 1024K, 2 young (2048K), 2 survivors (2048K)
 Metaspace       used 100744K, committed 101440K, reserved 1179648K
  class space    used 13716K, committed 14080K, reserved 1048576K
}
Event: 19.616 GC heap before
{Heap before GC invocations=42 (full 0):
 garbage-first heap   total 208896K, used 146415K [0x0000000080000000, 0x0000000100000000)
  region size 1024K, 30 young (30720K), 2 survivors (2048K)
 Metaspace       used 100923K, committed 101696K, reserved 1179648K
  class space    used 13720K, committed 14080K, reserved 1048576K
}
Event: 19.630 GC heap after
{Heap after GC invocations=43 (full 0):
 garbage-first heap   total 208896K, used 112764K [0x0000000080000000, 0x0000000100000000)
  region size 1024K, 4 young (4096K), 4 survivors (4096K)
 Metaspace       used 100923K, committed 101696K, reserved 1179648K
  class space    used 13720K, committed 14080K, reserved 1048576K
}
Event: 19.933 GC heap before
{Heap before GC invocations=43 (full 0):
 garbage-first heap   total 208896K, used 118908K [0x0000000080000000, 0x0000000100000000)
  region size 1024K, 10 young (10240K), 4 survivors (4096K)
 Metaspace       used 100940K, committed 101696K, reserved 1179648K
  class space    used 13724K, committed 14080K, reserved 1048576K
}
Event: 19.942 GC heap after
{Heap after GC invocations=44 (full 0):
 garbage-first heap   total 208896K, used 113118K [0x0000000080000000, 0x0000000100000000)
  region size 1024K, 1 young (1024K), 1 survivors (1024K)
 Metaspace       used 100940K, committed 101696K, reserved 1179648K
  class space    used 13724K, committed 14080K, reserved 1048576K
}
Event: 21.347 GC heap before
{Heap before GC invocations=44 (full 0):
 garbage-first heap   total 208896K, used 177630K [0x0000000080000000, 0x0000000100000000)
  region size 1024K, 48 young (49152K), 1 survivors (1024K)
 Metaspace       used 102114K, committed 102912K, reserved 1179648K
  class space    used 13827K, committed 14208K, reserved 1048576K
}
Event: 21.360 GC heap after
{Heap after GC invocations=45 (full 0):
 garbage-first heap   total 344064K, used 118216K [0x0000000080000000, 0x0000000100000000)
  region size 1024K, 6 young (6144K), 6 survivors (6144K)
 Metaspace       used 102114K, committed 102912K, reserved 1179648K
  class space    used 13827K, committed 14208K, reserved 1048576K
}
Event: 24.622 GC heap before
{Heap before GC invocations=46 (full 0):
 garbage-first heap   total 344064K, used 262600K [0x0000000080000000, 0x0000000100000000)
  region size 1024K, 146 young (149504K), 6 survivors (6144K)
 Metaspace       used 106782K, committed 107584K, reserved 1179648K
  class space    used 14306K, committed 14720K, reserved 1048576K
}
Event: 24.633 GC heap after
{Heap after GC invocations=47 (full 0):
 garbage-first heap   total 344064K, used 114936K [0x0000000080000000, 0x0000000100000000)
  region size 1024K, 3 young (3072K), 3 survivors (3072K)
 Metaspace       used 106782K, committed 107584K, reserved 1179648K
  class space    used 14306K, committed 14720K, reserved 1048576K
}
Event: 25.013 GC heap before
{Heap before GC invocations=47 (full 0):
 garbage-first heap   total 344064K, used 128248K [0x0000000080000000, 0x0000000100000000)
  region size 1024K, 16 young (16384K), 3 survivors (3072K)
 Metaspace       used 106857K, committed 107648K, reserved 1179648K
  class space    used 14307K, committed 14720K, reserved 1048576K
}
Event: 25.020 GC heap after
{Heap after GC invocations=48 (full 0):
 garbage-first heap   total 344064K, used 111879K [0x0000000080000000, 0x0000000100000000)
  region size 1024K, 1 young (1024K), 1 survivors (1024K)
 Metaspace       used 106857K, committed 107648K, reserved 1179648K
  class space    used 14307K, committed 14720K, reserved 1048576K
}
Event: 34.175 GC heap before
{Heap before GC invocations=48 (full 0):
 garbage-first heap   total 344064K, used 284935K [0x0000000080000000, 0x0000000100000000)
  region size 1024K, 171 young (175104K), 1 survivors (1024K)
 Metaspace       used 108878K, committed 109632K, reserved 1179648K
  class space    used 14555K, committed 14976K, reserved 1048576K
}
Event: 34.182 GC heap after
{Heap after GC invocations=49 (full 0):
 garbage-first heap   total 344064K, used 115499K [0x0000000080000000, 0x0000000100000000)
  region size 1024K, 5 young (5120K), 5 survivors (5120K)
 Metaspace       used 108878K, committed 109632K, reserved 1179648K
  class space    used 14555K, committed 14976K, reserved 1048576K
}
Event: 36.827 GC heap before
{Heap before GC invocations=49 (full 0):
 garbage-first heap   total 344064K, used 285483K [0x0000000080000000, 0x0000000100000000)
  region size 1024K, 170 young (174080K), 5 survivors (5120K)
 Metaspace       used 110584K, committed 111424K, reserved 1179648K
  class space    used 14777K, committed 15168K, reserved 1048576K
}
Event: 36.837 GC heap after
{Heap after GC invocations=50 (full 0):
 garbage-first heap   total 344064K, used 117989K [0x0000000080000000, 0x0000000100000000)
  region size 1024K, 7 young (7168K), 7 survivors (7168K)
 Metaspace       used 110584K, committed 111424K, reserved 1179648K
  class space    used 14777K, committed 15168K, reserved 1048576K
}
Event: 43.266 GC heap before
{Heap before GC invocations=50 (full 0):
 garbage-first heap   total 344064K, used 287973K [0x0000000080000000, 0x0000000100000000)
  region size 1024K, 174 young (178176K), 7 survivors (7168K)
 Metaspace       used 111806K, committed 112576K, reserved 1179648K
  class space    used 14929K, committed 15296K, reserved 1048576K
}
Event: 43.276 GC heap after
{Heap after GC invocations=51 (full 0):
 garbage-first heap   total 344064K, used 124231K [0x0000000080000000, 0x0000000100000000)
  region size 1024K, 13 young (13312K), 13 survivors (13312K)
 Metaspace       used 111806K, committed 112576K, reserved 1179648K
  class space    used 14929K, committed 15296K, reserved 1048576K
}
Event: 47.579 GC heap before
{Heap before GC invocations=51 (full 0):
 garbage-first heap   total 344064K, used 287047K [0x0000000080000000, 0x0000000100000000)
  region size 1024K, 173 young (177152K), 13 survivors (13312K)
 Metaspace       used 118536K, committed 119360K, reserved 1179648K
  class space    used 15923K, committed 16320K, reserved 1048576K
}
Event: 47.630 GC heap after
{Heap after GC invocations=52 (full 0):
 garbage-first heap   total 344064K, used 148633K [0x0000000080000000, 0x0000000100000000)
  region size 1024K, 22 young (22528K), 22 survivors (22528K)
 Metaspace       used 118536K, committed 119360K, reserved 1179648K
  class space    used 15923K, committed 16320K, reserved 1048576K
}

