# JRE version: OpenJDK Runtime Environment (17.0.11) (build 17.0.11+0--11852314)
# Java VM: OpenJDK 64-Bit Server VM (17.0.11+0--11852314, mixed mode, tiered, compressed oops, compressed class ptrs, g1 gc, windows-amd64)
GC Precious Log:
 CPUs: 4 total, 4 available
 Memory: 8075M
 Large Page Support: Disabled
 NUMA Support: Disabled
 Compressed Oops: Enabled (32-bit)
 Heap Region Size: 1M
 Heap Min Capacity: 8M
 Heap Initial Capacity: 128M
 Heap Max Capacity: 2G
 Pre-touch: Disabled
 Parallel Workers: 4
 Concurrent Workers: 1
 Concurrent Refinement Workers: 4
 Periodic GC: Disabled
Heap:
 garbage-first heap   total 158720K, used 108178K [0x0000000080000000, 0x0000000100000000)
  region size 1024K, 3 young (3072K), 3 survivors (3072K)
 Metaspace       used 101180K, committed 102016K, reserved 1179648K
  class space    used 13788K, committed 14208K, reserved 1048576K
GC Heap History (20 events):
Event: 17.617 GC heap after
{Heap after GC invocations=39 (full 0):
 garbage-first heap   total 122880K, used 64117K [0x0000000080000000, 0x0000000100000000)
  region size 1024K, 3 young (3072K), 3 survivors (3072K)
 Metaspace       used 82032K, committed 82624K, reserved 1179648K
  class space    used 11178K, committed 11456K, reserved 1048576K
}
Event: 18.112 GC heap before
{Heap before GC invocations=39 (full 0):
 garbage-first heap   total 122880K, used 99957K [0x0000000080000000, 0x0000000100000000)
  region size 1024K, 38 young (38912K), 3 survivors (3072K)
 Metaspace       used 84677K, committed 85312K, reserved 1179648K
  class space    used 11640K, committed 11968K, reserved 1048576K
}
Event: 18.118 GC heap after
{Heap after GC invocations=40 (full 0):
 garbage-first heap   total 152576K, used 65650K [0x0000000080000000, 0x0000000100000000)
  region size 1024K, 4 young (4096K), 4 survivors (4096K)
 Metaspace       used 84677K, committed 85312K, reserved 1179648K
  class space    used 11640K, committed 11968K, reserved 1048576K
}
Event: 19.100 GC heap before
{Heap before GC invocations=41 (full 0):
 garbage-first heap   total 152576K, used 124018K [0x0000000080000000, 0x0000000100000000)
  region size 1024K, 61 young (62464K), 4 survivors (4096K)
 Metaspace       used 89155K, committed 89792K, reserved 1179648K
  class space    used 12293K, committed 12608K, reserved 1048576K
}
Event: 19.108 GC heap after
{Heap after GC invocations=42 (full 0):
 garbage-first heap   total 152576K, used 68817K [0x0000000080000000, 0x0000000100000000)
  region size 1024K, 7 young (7168K), 7 survivors (7168K)
 Metaspace       used 89155K, committed 89792K, reserved 1179648K
  class space    used 12293K, committed 12608K, reserved 1048576K
}
Event: 19.993 GC heap before
{Heap before GC invocations=42 (full 0):
 garbage-first heap   total 152576K, used 124113K [0x0000000080000000, 0x0000000100000000)
  region size 1024K, 61 young (62464K), 7 survivors (7168K)
 Metaspace       used 93674K, committed 94336K, reserved 1179648K
  class space    used 12943K, committed 13248K, reserved 1048576K
}
Event: 20.004 GC heap after
{Heap after GC invocations=43 (full 0):
 garbage-first heap   total 152576K, used 72438K [0x0000000080000000, 0x0000000100000000)
  region size 1024K, 7 young (7168K), 7 survivors (7168K)
 Metaspace       used 93674K, committed 94336K, reserved 1179648K
  class space    used 12943K, committed 13248K, reserved 1048576K
}
Event: 20.205 GC heap before
{Heap before GC invocations=43 (full 0):
 garbage-first heap   total 152576K, used 91894K [0x0000000080000000, 0x0000000100000000)
  region size 1024K, 26 young (26624K), 7 survivors (7168K)
 Metaspace       used 94872K, committed 95616K, reserved 1179648K
  class space    used 13042K, committed 13376K, reserved 1048576K
}
Event: 20.219 GC heap after
{Heap after GC invocations=44 (full 0):
 garbage-first heap   total 152576K, used 77460K [0x0000000080000000, 0x0000000100000000)
  region size 1024K, 7 young (7168K), 7 survivors (7168K)
 Metaspace       used 94872K, committed 95616K, reserved 1179648K
  class space    used 13042K, committed 13376K, reserved 1048576K
}
Event: 26.369 GC heap before
{Heap before GC invocations=45 (full 0):
 garbage-first heap   total 152576K, used 125588K [0x0000000080000000, 0x0000000100000000)
  region size 1024K, 52 young (53248K), 7 survivors (7168K)
 Metaspace       used 98107K, committed 98816K, reserved 1179648K
  class space    used 13499K, committed 13824K, reserved 1048576K
}
Event: 26.381 GC heap after
{Heap after GC invocations=46 (full 0):
 garbage-first heap   total 152576K, used 79002K [0x0000000080000000, 0x0000000100000000)
  region size 1024K, 7 young (7168K), 7 survivors (7168K)
 Metaspace       used 98107K, committed 98816K, reserved 1179648K
  class space    used 13499K, committed 13824K, reserved 1048576K
}
Event: 26.458 GC heap before
{Heap before GC invocations=46 (full 0):
 garbage-first heap   total 152576K, used 80026K [0x0000000080000000, 0x0000000100000000)
  region size 1024K, 8 young (8192K), 7 survivors (7168K)
 Metaspace       used 98121K, committed 98880K, reserved 1179648K
  class space    used 13500K, committed 13824K, reserved 1048576K
}
Event: 26.468 GC heap after
{Heap after GC invocations=47 (full 0):
 garbage-first heap   total 152576K, used 79431K [0x0000000080000000, 0x0000000100000000)
  region size 1024K, 1 young (1024K), 1 survivors (1024K)
 Metaspace       used 98121K, committed 98880K, reserved 1179648K
  class space    used 13500K, committed 13824K, reserved 1048576K
}
Event: 29.246 GC heap before
{Heap before GC invocations=47 (full 0):
 garbage-first heap   total 152576K, used 124487K [0x0000000080000000, 0x0000000100000000)
  region size 1024K, 46 young (47104K), 1 survivors (1024K)
 Metaspace       used 100376K, committed 101248K, reserved 1179648K
  class space    used 13731K, committed 14144K, reserved 1048576K
}
Event: 29.253 GC heap after
{Heap after GC invocations=48 (full 0):
 garbage-first heap   total 152576K, used 80857K [0x0000000080000000, 0x0000000100000000)
  region size 1024K, 3 young (3072K), 3 survivors (3072K)
 Metaspace       used 100376K, committed 101248K, reserved 1179648K
  class space    used 13731K, committed 14144K, reserved 1048576K
}
Event: 30.017 GC heap before
{Heap before GC invocations=49 (full 0):
 garbage-first heap   total 152576K, used 134105K [0x0000000080000000, 0x0000000100000000)
  region size 1024K, 47 young (48128K), 3 survivors (3072K)
 Metaspace       used 100657K, committed 101504K, reserved 1179648K
  class space    used 13732K, committed 14144K, reserved 1048576K
}
Event: 30.039 GC heap after
{Heap after GC invocations=50 (full 0):
 garbage-first heap   total 158720K, used 102897K [0x0000000080000000, 0x0000000100000000)
  region size 1024K, 6 young (6144K), 6 survivors (6144K)
 Metaspace       used 100657K, committed 101504K, reserved 1179648K
  class space    used 13732K, committed 14144K, reserved 1048576K
}
Event: 30.057 GC heap before
{Heap before GC invocations=50 (full 0):
 garbage-first heap   total 158720K, used 103921K [0x0000000080000000, 0x0000000100000000)
  region size 1024K, 7 young (7168K), 6 survivors (6144K)
 Metaspace       used 100657K, committed 101504K, reserved 1179648K
  class space    used 13732K, committed 14144K, reserved 1048576K
}
Event: 30.067 GC heap after
{Heap after GC invocations=51 (full 0):
 garbage-first heap   total 158720K, used 104594K [0x0000000080000000, 0x0000000100000000)
  region size 1024K, 1 young (1024K), 1 survivors (1024K)
 Metaspace       used 100657K, committed 101504K, reserved 1179648K
  class space    used 13732K, committed 14144K, reserved 1048576K
}
Event: 30.546 GC heap before
{Heap before GC invocations=51 (full 0):
 garbage-first heap   total 158720K, used 124050K [0x0000000080000000, 0x0000000100000000)
  region size 1024K, 20 young (20480K), 1 survivors (1024K)
 Metaspace       used 101180K, committed 102016K, reserved 1179648K
  class space    used 13788K, committed 14208K, reserved 1048576K
}

