# JRE version: OpenJDK Runtime Environment (17.0.11) (build 17.0.11+0--11852314)
# Java VM: OpenJDK 64-Bit Server VM (17.0.11+0--11852314, mixed mode, tiered, compressed oops, compressed class ptrs, g1 gc, windows-amd64)
GC Precious Log:
 CPUs: 4 total, 4 available
 Memory: 8075M
 Large Page Support: Disabled
 NUMA Support: Disabled
 Compressed Oops: Enabled (32-bit)
 Heap Region Size: 1M
 Heap Min Capacity: 8M
 Heap Initial Capacity: 128M
 Heap Max Capacity: 2G
 Pre-touch: Disabled
 Parallel Workers: 4
 Concurrent Workers: 1
 Concurrent Refinement Workers: 4
 Periodic GC: Disabled
Heap:
 garbage-first heap   total 141312K, used 74049K [0x0000000080000000, 0x0000000100000000)
  region size 1024K, 6 young (6144K), 6 survivors (6144K)
 Metaspace       used 94108K, committed 94784K, reserved 1179648K
  class space    used 12963K, committed 13312K, reserved 1048576K
GC Heap History (20 events):
Event: 9.248 GC heap after
{Heap after GC invocations=24 (full 0):
 garbage-first heap   total 97280K, used 52529K [0x0000000080000000, 0x0000000100000000)
  region size 1024K, 2 young (2048K), 2 survivors (2048K)
 Metaspace       used 64529K, committed 65152K, reserved 1114112K
  class space    used 8676K, committed 8960K, reserved 1048576K
}
Event: 9.783 GC heap before
{Heap before GC invocations=24 (full 0):
 garbage-first heap   total 97280K, used 77105K [0x0000000080000000, 0x0000000100000000)
  region size 1024K, 27 young (27648K), 2 survivors (2048K)
 Metaspace       used 67137K, committed 67712K, reserved 1114112K
  class space    used 9075K, committed 9344K, reserved 1048576K
}
Event: 9.786 GC heap after
{Heap after GC invocations=25 (full 0):
 garbage-first heap   total 97280K, used 53335K [0x0000000080000000, 0x0000000100000000)
  region size 1024K, 3 young (3072K), 3 survivors (3072K)
 Metaspace       used 67137K, committed 67712K, reserved 1114112K
  class space    used 9075K, committed 9344K, reserved 1048576K
}
Event: 9.906 GC heap before
{Heap before GC invocations=26 (full 0):
 garbage-first heap   total 99328K, used 59479K [0x0000000080000000, 0x0000000100000000)
  region size 1024K, 10 young (10240K), 3 survivors (3072K)
 Metaspace       used 68546K, committed 69120K, reserved 1114112K
  class space    used 9226K, committed 9536K, reserved 1048576K
}
Event: 9.910 GC heap after
{Heap after GC invocations=27 (full 0):
 garbage-first heap   total 99328K, used 54941K [0x0000000080000000, 0x0000000100000000)
  region size 1024K, 4 young (4096K), 4 survivors (4096K)
 Metaspace       used 68546K, committed 69120K, reserved 1114112K
  class space    used 9226K, committed 9536K, reserved 1048576K
}
Event: 10.224 GC heap before
{Heap before GC invocations=28 (full 0):
 garbage-first heap   total 117760K, used 85661K [0x0000000080000000, 0x0000000100000000)
  region size 1024K, 29 young (29696K), 4 survivors (4096K)
 Metaspace       used 69631K, committed 70272K, reserved 1114112K
  class space    used 9380K, committed 9664K, reserved 1048576K
}
Event: 10.230 GC heap after
{Heap after GC invocations=29 (full 0):
 garbage-first heap   total 117760K, used 58327K [0x0000000080000000, 0x0000000100000000)
  region size 1024K, 4 young (4096K), 4 survivors (4096K)
 Metaspace       used 69631K, committed 70272K, reserved 1114112K
  class space    used 9380K, committed 9664K, reserved 1048576K
}
Event: 10.666 GC heap before
{Heap before GC invocations=29 (full 0):
 garbage-first heap   total 117760K, used 91095K [0x0000000080000000, 0x0000000100000000)
  region size 1024K, 36 young (36864K), 4 survivors (4096K)
 Metaspace       used 71962K, committed 72576K, reserved 1114112K
  class space    used 9684K, committed 9984K, reserved 1048576K
}
Event: 10.672 GC heap after
{Heap after GC invocations=30 (full 0):
 garbage-first heap   total 141312K, used 60737K [0x0000000080000000, 0x0000000100000000)
  region size 1024K, 3 young (3072K), 3 survivors (3072K)
 Metaspace       used 71962K, committed 72576K, reserved 1114112K
  class space    used 9684K, committed 9984K, reserved 1048576K
}
Event: 11.254 GC heap before
{Heap before GC invocations=31 (full 0):
 garbage-first heap   total 141312K, used 105793K [0x0000000080000000, 0x0000000100000000)
  region size 1024K, 47 young (48128K), 3 survivors (3072K)
 Metaspace       used 76715K, committed 77312K, reserved 1179648K
  class space    used 10342K, committed 10624K, reserved 1048576K
}
Event: 11.261 GC heap after
{Heap after GC invocations=32 (full 0):
 garbage-first heap   total 141312K, used 62251K [0x0000000080000000, 0x0000000100000000)
  region size 1024K, 4 young (4096K), 4 survivors (4096K)
 Metaspace       used 76715K, committed 77312K, reserved 1179648K
  class space    used 10342K, committed 10624K, reserved 1048576K
}
Event: 11.725 GC heap before
{Heap before GC invocations=32 (full 0):
 garbage-first heap   total 141312K, used 108331K [0x0000000080000000, 0x0000000100000000)
  region size 1024K, 49 young (50176K), 4 survivors (4096K)
 Metaspace       used 79687K, committed 80256K, reserved 1179648K
  class space    used 10741K, committed 11008K, reserved 1048576K
}
Event: 11.730 GC heap after
{Heap after GC invocations=33 (full 0):
 garbage-first heap   total 141312K, used 64075K [0x0000000080000000, 0x0000000100000000)
  region size 1024K, 4 young (4096K), 4 survivors (4096K)
 Metaspace       used 79687K, committed 80256K, reserved 1179648K
  class space    used 10741K, committed 11008K, reserved 1048576K
}
Event: 12.369 GC heap before
{Heap before GC invocations=33 (full 0):
 garbage-first heap   total 141312K, used 111179K [0x0000000080000000, 0x0000000100000000)
  region size 1024K, 50 young (51200K), 4 survivors (4096K)
 Metaspace       used 83065K, committed 83648K, reserved 1179648K
  class space    used 11400K, committed 11712K, reserved 1048576K
}
Event: 12.375 GC heap after
{Heap after GC invocations=34 (full 0):
 garbage-first heap   total 141312K, used 65451K [0x0000000080000000, 0x0000000100000000)
  region size 1024K, 4 young (4096K), 4 survivors (4096K)
 Metaspace       used 83065K, committed 83648K, reserved 1179648K
  class space    used 11400K, committed 11712K, reserved 1048576K
}
Event: 13.100 GC heap before
{Heap before GC invocations=34 (full 0):
 garbage-first heap   total 141312K, used 113579K [0x0000000080000000, 0x0000000100000000)
  region size 1024K, 51 young (52224K), 4 survivors (4096K)
 Metaspace       used 86828K, committed 87488K, reserved 1179648K
  class space    used 11942K, committed 12224K, reserved 1048576K
}
Event: 13.108 GC heap after
{Heap after GC invocations=35 (full 0):
 garbage-first heap   total 141312K, used 68060K [0x0000000080000000, 0x0000000100000000)
  region size 1024K, 6 young (6144K), 6 survivors (6144K)
 Metaspace       used 86828K, committed 87488K, reserved 1179648K
  class space    used 11942K, committed 12224K, reserved 1048576K
}
Event: 13.765 GC heap before
{Heap before GC invocations=35 (full 0):
 garbage-first heap   total 141312K, used 115164K [0x0000000080000000, 0x0000000100000000)
  region size 1024K, 52 young (53248K), 6 survivors (6144K)
 Metaspace       used 90309K, committed 90944K, reserved 1179648K
  class space    used 12499K, committed 12800K, reserved 1048576K
}
Event: 13.773 GC heap after
{Heap after GC invocations=36 (full 0):
 garbage-first heap   total 141312K, used 70066K [0x0000000080000000, 0x0000000100000000)
  region size 1024K, 5 young (5120K), 5 survivors (5120K)
 Metaspace       used 90309K, committed 90944K, reserved 1179648K
  class space    used 12499K, committed 12800K, reserved 1048576K
}
Event: 14.329 GC heap before
{Heap before GC invocations=36 (full 0):
 garbage-first heap   total 141312K, used 115122K [0x0000000080000000, 0x0000000100000000)
  region size 1024K, 50 young (51200K), 5 survivors (5120K)
 Metaspace       used 94108K, committed 94784K, reserved 1179648K
  class space    used 12963K, committed 13312K, reserved 1048576K
}

